{"C:\\Users\\Soi\\workspace\\soi-component\\src\\components\\Button\\Button.tsx": {"path":"C:\\Users\\Soi\\workspace\\soi-component\\src\\components\\Button\\Button.tsx","all":false,"statementMap":{"0":{"start":{"line":1,"column":0},"end":{"line":1,"column":26}},"1":{"start":{"line":2,"column":0},"end":{"line":2,"column":39}},"2":{"start":{"line":3,"column":0},"end":{"line":3,"column":45}},"3":{"start":{"line":4,"column":0},"end":{"line":4,"column":0}},"4":{"start":{"line":5,"column":0},"end":{"line":5,"column":48}},"5":{"start":{"line":6,"column":0},"end":{"line":6,"column":12}},"6":{"start":{"line":7,"column":0},"end":{"line":7,"column":17}},"7":{"start":{"line":8,"column":0},"end":{"line":8,"column":18}},"8":{"start":{"line":9,"column":0},"end":{"line":9,"column":18}},"9":{"start":{"line":10,"column":0},"end":{"line":10,"column":19}},"10":{"start":{"line":11,"column":0},"end":{"line":11,"column":20}},"11":{"start":{"line":12,"column":0},"end":{"line":12,"column":21}},"12":{"start":{"line":13,"column":0},"end":{"line":13,"column":24}},"13":{"start":{"line":14,"column":0},"end":{"line":14,"column":23}},"14":{"start":{"line":15,"column":0},"end":{"line":15,"column":26}},"15":{"start":{"line":16,"column":0},"end":{"line":16,"column":22}},"16":{"start":{"line":17,"column":0},"end":{"line":17,"column":31}},"17":{"start":{"line":18,"column":0},"end":{"line":18,"column":23}},"18":{"start":{"line":19,"column":0},"end":{"line":19,"column":26}},"19":{"start":{"line":20,"column":0},"end":{"line":20,"column":63}},"20":{"start":{"line":21,"column":0},"end":{"line":21,"column":74}},"21":{"start":{"line":22,"column":0},"end":{"line":22,"column":52}},"22":{"start":{"line":23,"column":0},"end":{"line":23,"column":11}},"23":{"start":{"line":24,"column":0},"end":{"line":24,"column":76}},"24":{"start":{"line":25,"column":0},"end":{"line":25,"column":3}},"25":{"start":{"line":26,"column":0},"end":{"line":26,"column":12}},"26":{"start":{"line":27,"column":0},"end":{"line":27,"column":30}},"27":{"start":{"line":28,"column":0},"end":{"line":28,"column":25}},"28":{"start":{"line":29,"column":0},"end":{"line":29,"column":28}},"29":{"start":{"line":30,"column":0},"end":{"line":30,"column":24}},"30":{"start":{"line":31,"column":0},"end":{"line":31,"column":33}},"31":{"start":{"line":32,"column":0},"end":{"line":32,"column":24}},"32":{"start":{"line":33,"column":0},"end":{"line":33,"column":28}},"33":{"start":{"line":34,"column":0},"end":{"line":34,"column":3}},"34":{"start":{"line":35,"column":0},"end":{"line":35,"column":2}},"35":{"start":{"line":36,"column":0},"end":{"line":36,"column":0}},"36":{"start":{"line":37,"column":0},"end":{"line":37,"column":40}},"37":{"start":{"line":38,"column":0},"end":{"line":38,"column":7}},"38":{"start":{"line":39,"column":0},"end":{"line":39,"column":10}},"39":{"start":{"line":40,"column":0},"end":{"line":40,"column":11}},"40":{"start":{"line":41,"column":0},"end":{"line":41,"column":7}},"41":{"start":{"line":42,"column":0},"end":{"line":42,"column":10}},"42":{"start":{"line":43,"column":0},"end":{"line":43,"column":10}},"43":{"start":{"line":44,"column":0},"end":{"line":44,"column":7}},"44":{"start":{"line":45,"column":0},"end":{"line":45,"column":10}},"45":{"start":{"line":46,"column":0},"end":{"line":46,"column":17}},"46":{"start":{"line":47,"column":0},"end":{"line":47,"column":19}},"47":{"start":{"line":48,"column":0},"end":{"line":48,"column":23}},"48":{"start":{"line":49,"column":0},"end":{"line":49,"column":23}},"49":{"start":{"line":50,"column":0},"end":{"line":50,"column":25}},"50":{"start":{"line":51,"column":0},"end":{"line":51,"column":17}},"51":{"start":{"line":52,"column":0},"end":{"line":52,"column":16}},"52":{"start":{"line":53,"column":0},"end":{"line":53,"column":5}},"53":{"start":{"line":54,"column":0},"end":{"line":54,"column":12}},"54":{"start":{"line":55,"column":0},"end":{"line":55,"column":19}},"55":{"start":{"line":56,"column":0},"end":{"line":56,"column":4}},"56":{"start":{"line":57,"column":0},"end":{"line":57,"column":2}},"57":{"start":{"line":58,"column":0},"end":{"line":58,"column":0}},"58":{"start":{"line":59,"column":0},"end":{"line":59,"column":22}}},"s":{"0":1,"1":1,"2":1,"3":1,"4":1,"5":1,"6":1,"7":1,"8":1,"9":1,"10":1,"11":1,"12":1,"13":1,"14":1,"15":0,"16":1,"17":0,"18":1,"19":1,"20":1,"21":1,"22":1,"23":1,"24":1,"25":1,"26":1,"27":1,"28":1,"29":0,"30":1,"31":0,"32":1,"33":1,"34":1,"35":1,"36":1,"37":1,"38":1,"39":1,"40":1,"41":1,"42":1,"43":1,"44":1,"45":1,"46":1,"47":1,"48":1,"49":1,"50":1,"51":1,"52":1,"53":1,"54":1,"55":1,"56":1,"57":1,"58":1},"branchMap":{"0":{"type":"branch","line":14,"loc":{"start":{"line":14,"column":14},"end":{"line":19,"column":25}},"locations":[{"start":{"line":14,"column":14},"end":{"line":19,"column":25}}]},"1":{"type":"branch","line":16,"loc":{"start":{"line":16,"column":-2},"end":{"line":16,"column":22}},"locations":[{"start":{"line":16,"column":-2},"end":{"line":16,"column":22}}]},"2":{"type":"branch","line":18,"loc":{"start":{"line":18,"column":-2},"end":{"line":18,"column":23}},"locations":[{"start":{"line":18,"column":-2},"end":{"line":18,"column":23}}]},"3":{"type":"branch","line":20,"loc":{"start":{"line":20,"column":12},"end":{"line":20,"column":62}},"locations":[{"start":{"line":20,"column":12},"end":{"line":20,"column":62}}]},"4":{"type":"branch","line":20,"loc":{"start":{"line":20,"column":36},"end":{"line":20,"column":48}},"locations":[{"start":{"line":20,"column":36},"end":{"line":20,"column":48}}]},"5":{"type":"branch","line":21,"loc":{"start":{"line":21,"column":23},"end":{"line":21,"column":73}},"locations":[{"start":{"line":21,"column":23},"end":{"line":21,"column":73}}]},"6":{"type":"branch","line":21,"loc":{"start":{"line":21,"column":47},"end":{"line":21,"column":59}},"locations":[{"start":{"line":21,"column":47},"end":{"line":21,"column":59}}]},"7":{"type":"branch","line":22,"loc":{"start":{"line":22,"column":14},"end":{"line":22,"column":51}},"locations":[{"start":{"line":22,"column":14},"end":{"line":22,"column":51}}]},"8":{"type":"branch","line":22,"loc":{"start":{"line":22,"column":45},"end":{"line":22,"column":51}},"locations":[{"start":{"line":22,"column":45},"end":{"line":22,"column":51}}]},"9":{"type":"branch","line":24,"loc":{"start":{"line":24,"column":25},"end":{"line":24,"column":75}},"locations":[{"start":{"line":24,"column":25},"end":{"line":24,"column":75}}]},"10":{"type":"branch","line":24,"loc":{"start":{"line":24,"column":49},"end":{"line":24,"column":61}},"locations":[{"start":{"line":24,"column":49},"end":{"line":24,"column":61}}]},"11":{"type":"branch","line":28,"loc":{"start":{"line":28,"column":16},"end":{"line":33,"column":27}},"locations":[{"start":{"line":28,"column":16},"end":{"line":33,"column":27}}]},"12":{"type":"branch","line":30,"loc":{"start":{"line":30,"column":-2},"end":{"line":30,"column":24}},"locations":[{"start":{"line":30,"column":-2},"end":{"line":30,"column":24}}]},"13":{"type":"branch","line":32,"loc":{"start":{"line":32,"column":-2},"end":{"line":32,"column":24}},"locations":[{"start":{"line":32,"column":-2},"end":{"line":32,"column":24}}]},"14":{"type":"branch","line":37,"loc":{"start":{"line":37,"column":38},"end":{"line":57,"column":2}},"locations":[{"start":{"line":37,"column":38},"end":{"line":57,"column":2}}]}},"b":{"0":[1],"1":[0],"2":[0],"3":[1],"4":[0],"5":[1],"6":[0],"7":[1],"8":[0],"9":[1],"10":[0],"11":[1],"12":[0],"13":[0],"14":[1]},"fnMap":{"0":{"name":"Object.<anonymous>.Button.size.size","decl":{"start":{"line":14,"column":14},"end":{"line":19,"column":25}},"loc":{"start":{"line":14,"column":14},"end":{"line":19,"column":25}},"line":14},"1":{"name":"Object.<anonymous>.Button.size.size","decl":{"start":{"line":20,"column":12},"end":{"line":20,"column":62}},"loc":{"start":{"line":20,"column":12},"end":{"line":20,"column":62}},"line":20},"2":{"name":"Object.<anonymous>.Button.size.size","decl":{"start":{"line":21,"column":23},"end":{"line":21,"column":73}},"loc":{"start":{"line":21,"column":23},"end":{"line":21,"column":73}},"line":21},"3":{"name":"Object.<anonymous>.Button.size.size","decl":{"start":{"line":22,"column":14},"end":{"line":22,"column":51}},"loc":{"start":{"line":22,"column":14},"end":{"line":22,"column":51}},"line":22},"4":{"name":"Object.<anonymous>.Button.size.size","decl":{"start":{"line":24,"column":25},"end":{"line":24,"column":75}},"loc":{"start":{"line":24,"column":25},"end":{"line":24,"column":75}},"line":24},"5":{"name":"Button","decl":{"start":{"line":37,"column":38},"end":{"line":57,"column":2}},"loc":{"start":{"line":37,"column":38},"end":{"line":57,"column":2}},"line":37}},"f":{"0":1,"1":1,"2":1,"3":1,"4":1,"5":1}}
}
