TN:
SF:src\components\Button\Button.tsx
FN:14,Object.<anonymous>.Button.size.size
FN:20,Object.<anonymous>.Button.size.size
FN:21,Object.<anonymous>.Button.size.size
FN:22,Object.<anonymous>.Button.size.size
FN:24,Object.<anonymous>.Button.size.size
FN:37,Button
FNF:6
FNH:6
FNDA:1,Object.<anonymous>.Button.size.size
FNDA:1,Object.<anonymous>.Button.size.size
FNDA:1,Object.<anonymous>.Button.size.size
FNDA:1,Object.<anonymous>.Button.size.size
FNDA:1,Object.<anonymous>.Button.size.size
FNDA:1,Button
DA:1,1
DA:2,1
DA:3,1
DA:4,1
DA:5,1
DA:6,1
DA:7,1
DA:8,1
DA:9,1
DA:10,1
DA:11,1
DA:12,1
DA:13,1
DA:14,1
DA:15,1
DA:16,0
DA:17,1
DA:18,0
DA:19,1
DA:20,1
DA:21,1
DA:22,1
DA:23,1
DA:24,1
DA:25,1
DA:26,1
DA:27,1
DA:28,1
DA:29,1
DA:30,0
DA:31,1
DA:32,0
DA:33,1
DA:34,1
DA:35,1
DA:36,1
DA:37,1
DA:38,1
DA:39,1
DA:40,1
DA:41,1
DA:42,1
DA:43,1
DA:44,1
DA:45,1
DA:46,1
DA:47,1
DA:48,1
DA:49,1
DA:50,1
DA:51,1
DA:52,1
DA:53,1
DA:54,1
DA:55,1
DA:56,1
DA:57,1
DA:58,1
DA:59,1
LF:59
LH:55
BRDA:14,0,0,1
BRDA:16,1,0,0
BRDA:18,2,0,0
BRDA:20,3,0,1
BRDA:20,4,0,0
BRDA:21,5,0,1
BRDA:21,6,0,0
BRDA:22,7,0,1
BRDA:22,8,0,0
BRDA:24,9,0,1
BRDA:24,10,0,0
BRDA:28,11,0,1
BRDA:30,12,0,0
BRDA:32,13,0,0
BRDA:37,14,0,1
BRF:15
BRH:7
end_of_record
